[debug] [2025-02-27T05:38:24.594Z] ----------------------------------------------------------------------
[debug] [2025-02-27T05:38:24.604Z] Command:       /Users/pshamunesh/.nvm/versions/node/v22.14.0/bin/node /Users/pshamunesh/.nvm/versions/node/v22.14.0/bin/firebase deploy
[debug] [2025-02-27T05:38:24.604Z] CLI Version:   13.31.2
[debug] [2025-02-27T05:38:24.605Z] Platform:      darwin
[debug] [2025-02-27T05:38:24.605Z] Node Version:  v22.14.0
[debug] [2025-02-27T05:38:24.605Z] Time:          Thu Feb 27 2025 11:08:24 GMT+0530 (India Standard Time)
[debug] [2025-02-27T05:38:24.605Z] ----------------------------------------------------------------------
[debug] 
[debug] [2025-02-27T05:38:24.734Z] > command requires scopes: ["email","openid","https://www.googleapis.com/auth/cloudplatformprojects.readonly","https://www.googleapis.com/auth/firebase","https://www.googleapis.com/auth/cloud-platform"]
[debug] [2025-02-27T05:38:24.734Z] > authorizing via signed-in user (shamuselvam2001@gmail.com)
[debug] [2025-02-27T05:38:24.734Z] [iam] checking project ssr-app-f5dd4 for permissions ["firebase.projects.get","firebasehosting.sites.update"]
[debug] [2025-02-27T05:38:24.735Z] Checked if tokens are valid: true, expires at: 1740638266140
[debug] [2025-02-27T05:38:24.735Z] Checked if tokens are valid: true, expires at: 1740638266140
[debug] [2025-02-27T05:38:24.735Z] >>> [apiv2][query] POST https://cloudresourcemanager.googleapis.com/v1/projects/ssr-app-f5dd4:testIamPermissions [none]
[debug] [2025-02-27T05:38:24.735Z] >>> [apiv2][(partial)header] POST https://cloudresourcemanager.googleapis.com/v1/projects/ssr-app-f5dd4:testIamPermissions x-goog-quota-user=projects/ssr-app-f5dd4
[debug] [2025-02-27T05:38:24.735Z] >>> [apiv2][body] POST https://cloudresourcemanager.googleapis.com/v1/projects/ssr-app-f5dd4:testIamPermissions {"permissions":["firebase.projects.get","firebasehosting.sites.update"]}
[debug] [2025-02-27T05:38:27.018Z] <<< [apiv2][status] POST https://cloudresourcemanager.googleapis.com/v1/projects/ssr-app-f5dd4:testIamPermissions 200
[debug] [2025-02-27T05:38:27.019Z] <<< [apiv2][body] POST https://cloudresourcemanager.googleapis.com/v1/projects/ssr-app-f5dd4:testIamPermissions {}
[debug] [2025-02-27T05:38:27.019Z] [iam] error while checking permissions, command may fail: Authorization failed. This account is missing the following required permissions on project ssr-app-f5dd4:

  firebase.projects.get
  firebasehosting.sites.update
[debug] [2025-02-27T05:38:27.020Z] Checked if tokens are valid: true, expires at: 1740638266140
[debug] [2025-02-27T05:38:27.020Z] Checked if tokens are valid: true, expires at: 1740638266140
[debug] [2025-02-27T05:38:27.020Z] >>> [apiv2][query] GET https://firebase.googleapis.com/v1beta1/projects/ssr-app-f5dd4 [none]
[debug] [2025-02-27T05:38:27.825Z] <<< [apiv2][status] GET https://firebase.googleapis.com/v1beta1/projects/ssr-app-f5dd4 403
[debug] [2025-02-27T05:38:27.826Z] <<< [apiv2][body] GET https://firebase.googleapis.com/v1beta1/projects/ssr-app-f5dd4 {"error":{"code":403,"message":"The caller does not have permission","status":"PERMISSION_DENIED"}}
[debug] [2025-02-27T05:38:27.827Z] Request to https://firebase.googleapis.com/v1beta1/projects/ssr-app-f5dd4 had HTTP Error: 403, The caller does not have permission
[debug] [2025-02-27T05:38:28.245Z] FirebaseError: Request to https://firebase.googleapis.com/v1beta1/projects/ssr-app-f5dd4 had HTTP Error: 403, The caller does not have permission
    at responseToError (/Users/pshamunesh/.nvm/versions/node/v22.14.0/lib/node_modules/firebase-tools/lib/responseToError.js:52:12)
    at RetryOperation._fn (/Users/pshamunesh/.nvm/versions/node/v22.14.0/lib/node_modules/firebase-tools/lib/apiv2.js:312:77)
    at process.processTicksAndRejections (node:internal/process/task_queues:105:5)
[error] 
[error] Error: Failed to get Firebase project ssr-app-f5dd4. Please make sure the project exists and your account has permission to access it.
